This is pdfTeX, Version 3.141592653-2.6-1.40.27 (TeX Live 2025) (preloaded format=pdflatex 2025.3.8)  27 NOV 2025 23:36
entering extended mode
 \write18 enabled.
 file:line:error style messages enabled.
 %&-line parsing enabled.
**combined_awards.tex
(./combined_awards.tex
LaTeX2e <2024-11-01> patch level 2
L3 programming layer <2025-01-18>

./combined_awards.tex:1: LaTeX Error: Missing \begin{document}.

See the LaTeX manual or LaTeX Companion for explanation.
Type  H <return>  for immediate help.
 ...                                              
                                                  
l.1 \begin{itemize}
                   
? 
./combined_awards.tex:1: Emergency stop.
 ...                                              
                                                  
l.1 \begin{itemize}
                   
You're in trouble here.  Try typing  <return>  to proceed.
If that doesn't work, type  X <return>  to quit.

 
Here is how much of TeX's memory you used:
 17 strings out of 474662
 525 string characters out of 5751110
 388133 words of memory out of 5000000
 23156 multiletter control sequences out of 15000+600000
 558837 words of font info for 36 fonts, out of 8000000 for 9000
 319 hyphenation exceptions out of 8191
 19i,0n,20p,70b,30s stack positions out of 10000i,1000n,20000p,200000b,200000s
./combined_awards.tex:1:  ==> Fatal error occurred, no output PDF file produced
!
